nohup: ignoring input
[I 2024-01-11 13:20:38.117 ServerApp] Extension package ipyparallel took 0.3251s to import
[W 2024-01-11 13:20:38.118 ServerApp] A `_jupyter_server_extension_points` function was not found in ipyparallel. Instead, a `_jupyter_server_extension_paths` function was found and will be used for now. This function name will be deprecated in future releases of Jupyter Server.
[W 2024-01-11 13:20:38.131 ServerApp] A `_jupyter_server_extension_points` function was not found in jupyter_lsp. Instead, a `_jupyter_server_extension_paths` function was found and will be used for now. This function name will be deprecated in future releases of Jupyter Server.
[W 2024-01-11 13:20:38.138 ServerApp] A `_jupyter_server_extension_points` function was not found in notebook_shim. Instead, a `_jupyter_server_extension_paths` function was found and will be used for now. This function name will be deprecated in future releases of Jupyter Server.
[I 2024-01-11 13:20:38.139 ServerApp] ipyparallel | extension was successfully linked.
[I 2024-01-11 13:20:38.139 ServerApp] jupyter_lsp | extension was successfully linked.
[I 2024-01-11 13:20:38.142 ServerApp] jupyter_server_terminals | extension was successfully linked.
[W 2024-01-11 13:20:38.143 LabApp] 'token' has moved from NotebookApp to ServerApp. This config will be passed to ServerApp. Be sure to update your config before our next release.
[W 2024-01-11 13:20:38.144 ServerApp] ServerApp.token config is deprecated in 2.0. Use IdentityProvider.token.
[I 2024-01-11 13:20:38.144 ServerApp] jupyterlab | extension was successfully linked.
[I 2024-01-11 13:20:38.147 ServerApp] notebook | extension was successfully linked.
[I 2024-01-11 13:20:38.150 ServerApp] notebook_shim | extension was successfully linked.
[W 2024-01-11 13:20:38.164 ServerApp] WARNING: The Jupyter server is listening on all IP addresses and not using encryption. This is not recommended.
[I 2024-01-11 13:20:38.165 ServerApp] notebook_shim | extension was successfully loaded.
[I 2024-01-11 13:20:38.166 ServerApp] Loading IPython parallel extension
[I 2024-01-11 13:20:38.166 ServerApp] ipyparallel | extension was successfully loaded.
[I 2024-01-11 13:20:38.167 ServerApp] jupyter_lsp | extension was successfully loaded.
[I 2024-01-11 13:20:38.168 ServerApp] jupyter_server_terminals | extension was successfully loaded.
[I 2024-01-11 13:20:38.170 LabApp] JupyterLab extension loaded from /home/usergamma/.conda/envs/gammaflash/lib/python3.11/site-packages/jupyterlab
[I 2024-01-11 13:20:38.170 LabApp] JupyterLab application directory is /home/usergamma/.conda/envs/gammaflash/share/jupyter/lab
[I 2024-01-11 13:20:38.171 LabApp] Extension Manager is 'pypi'.
[I 2024-01-11 13:20:38.172 ServerApp] jupyterlab | extension was successfully loaded.
[I 2024-01-11 13:20:38.173 ServerApp] notebook | extension was successfully loaded.
[I 2024-01-11 13:20:38.174 ServerApp] Serving notebooks from local directory: /home/usergamma/workspace
[I 2024-01-11 13:20:38.174 ServerApp] Jupyter Server 2.12.1 is running at:
[I 2024-01-11 13:20:38.174 ServerApp] http://localhost:8001/lab?token=...
[I 2024-01-11 13:20:38.174 ServerApp]     http://127.0.0.1:8001/lab?token=...
[I 2024-01-11 13:20:38.174 ServerApp] Use Control-C to stop this server and shut down all kernels (twice to skip confirmation).
[I 2024-01-11 13:20:38.185 ServerApp] Skipped non-installed server(s): bash-language-server, dockerfile-language-server-nodejs, javascript-typescript-langserver, jedi-language-server, julia-language-server, pyright, python-language-server, python-lsp-server, r-languageserver, sql-language-server, texlab, typescript-language-server, unified-language-server, vscode-css-languageserver-bin, vscode-html-languageserver-bin, vscode-json-languageserver-bin, yaml-language-server
0.00s - Debugger warning: It seems that frozen modules are being used, which may
0.00s - make the debugger miss breakpoints. Please pass -Xfrozen_modules=off
0.00s - to python to disable frozen modules.
0.00s - Note: Debugging will proceed. Set PYDEVD_DISABLE_FILE_VALIDATION=1 to disable this validation.
[W 2024-01-11 13:20:43.108 LabApp] Could not determine jupyterlab build status without nodejs
[I 2024-01-11 13:20:43.704 ServerApp] Kernel started: 57969780-4c5b-46db-a90b-d05714627a57
0.00s - Debugger warning: It seems that frozen modules are being used, which may
0.00s - make the debugger miss breakpoints. Please pass -Xfrozen_modules=off
0.00s - to python to disable frozen modules.
0.00s - Note: Debugging will proceed. Set PYDEVD_DISABLE_FILE_VALIDATION=1 to disable this validation.
[I 2024-01-11 13:20:44.006 ServerApp] Connecting to kernel 57969780-4c5b-46db-a90b-d05714627a57.
[I 2024-01-11 13:20:44.016 ServerApp] Starting buffering for 57969780-4c5b-46db-a90b-d05714627a57:e5a65683-b451-446b-a0d9-5bc072a02d2c
[I 2024-01-11 13:20:44.019 ServerApp] Connecting to kernel 57969780-4c5b-46db-a90b-d05714627a57.
[I 2024-01-11 13:20:44.032 ServerApp] Connecting to kernel 57969780-4c5b-46db-a90b-d05714627a57.
[I 2024-01-11 13:25:15.817 ServerApp] Kernel restarted: 57969780-4c5b-46db-a90b-d05714627a57
[I 2024-01-11 13:25:15.820 ServerApp] Starting buffering for 57969780-4c5b-46db-a90b-d05714627a57:14e1a5fa-fd95-4973-97d6-f85b263722e8
[I 2024-01-11 13:25:15.822 ServerApp] Connecting to kernel 57969780-4c5b-46db-a90b-d05714627a57.
[I 2024-01-11 13:25:15.823 ServerApp] Restoring connection for 57969780-4c5b-46db-a90b-d05714627a57:14e1a5fa-fd95-4973-97d6-f85b263722e8
0.00s - Debugger warning: It seems that frozen modules are being used, which may
0.00s - make the debugger miss breakpoints. Please pass -Xfrozen_modules=off
0.00s - to python to disable frozen modules.
0.00s - Note: Debugging will proceed. Set PYDEVD_DISABLE_FILE_VALIDATION=1 to disable this validation.
[I 2024-01-11 13:25:54.269 ServerApp] Kernel restarted: 57969780-4c5b-46db-a90b-d05714627a57
[I 2024-01-11 13:25:54.273 ServerApp] Starting buffering for 57969780-4c5b-46db-a90b-d05714627a57:14e1a5fa-fd95-4973-97d6-f85b263722e8
[I 2024-01-11 13:25:54.275 ServerApp] Connecting to kernel 57969780-4c5b-46db-a90b-d05714627a57.
[I 2024-01-11 13:25:54.276 ServerApp] Restoring connection for 57969780-4c5b-46db-a90b-d05714627a57:14e1a5fa-fd95-4973-97d6-f85b263722e8
0.00s - Debugger warning: It seems that frozen modules are being used, which may
0.00s - make the debugger miss breakpoints. Please pass -Xfrozen_modules=off
0.00s - to python to disable frozen modules.
0.00s - Note: Debugging will proceed. Set PYDEVD_DISABLE_FILE_VALIDATION=1 to disable this validation.
[I 2024-01-11 13:26:43.850 ServerApp] Saving file at /dams/dl2/AnalysisDL2-2-PLALL.ipynb
[I 2024-01-11 13:27:05.523 ServerApp] Kernel restarted: 57969780-4c5b-46db-a90b-d05714627a57
[I 2024-01-11 13:27:05.530 ServerApp] Starting buffering for 57969780-4c5b-46db-a90b-d05714627a57:14e1a5fa-fd95-4973-97d6-f85b263722e8
[I 2024-01-11 13:27:05.533 ServerApp] Connecting to kernel 57969780-4c5b-46db-a90b-d05714627a57.
[I 2024-01-11 13:27:05.533 ServerApp] Restoring connection for 57969780-4c5b-46db-a90b-d05714627a57:14e1a5fa-fd95-4973-97d6-f85b263722e8
0.00s - Debugger warning: It seems that frozen modules are being used, which may
0.00s - make the debugger miss breakpoints. Please pass -Xfrozen_modules=off
0.00s - to python to disable frozen modules.
0.00s - Note: Debugging will proceed. Set PYDEVD_DISABLE_FILE_VALIDATION=1 to disable this validation.
[I 2024-01-11 13:27:41.058 ServerApp] Kernel restarted: 57969780-4c5b-46db-a90b-d05714627a57
[I 2024-01-11 13:27:41.064 ServerApp] Starting buffering for 57969780-4c5b-46db-a90b-d05714627a57:14e1a5fa-fd95-4973-97d6-f85b263722e8
[I 2024-01-11 13:27:41.066 ServerApp] Connecting to kernel 57969780-4c5b-46db-a90b-d05714627a57.
[I 2024-01-11 13:27:41.066 ServerApp] Restoring connection for 57969780-4c5b-46db-a90b-d05714627a57:14e1a5fa-fd95-4973-97d6-f85b263722e8
0.00s - Debugger warning: It seems that frozen modules are being used, which may
0.00s - make the debugger miss breakpoints. Please pass -Xfrozen_modules=off
0.00s - to python to disable frozen modules.
0.00s - Note: Debugging will proceed. Set PYDEVD_DISABLE_FILE_VALIDATION=1 to disable this validation.
Error in <THistPainter::PaintInit>: Cannot set Y axis to log scale
Error in <THistPainter::PaintInit>: Cannot set Y axis to log scale
[I 2024-01-11 13:28:43.897 ServerApp] Saving file at /dams/dl2/AnalysisDL2-2-PLALL.ipynb
[I 2024-01-11 13:28:45.575 ServerApp] Kernel restarted: 57969780-4c5b-46db-a90b-d05714627a57
[I 2024-01-11 13:28:45.580 ServerApp] Starting buffering for 57969780-4c5b-46db-a90b-d05714627a57:14e1a5fa-fd95-4973-97d6-f85b263722e8
[I 2024-01-11 13:28:45.582 ServerApp] Connecting to kernel 57969780-4c5b-46db-a90b-d05714627a57.
[I 2024-01-11 13:28:45.582 ServerApp] Restoring connection for 57969780-4c5b-46db-a90b-d05714627a57:14e1a5fa-fd95-4973-97d6-f85b263722e8
0.00s - Debugger warning: It seems that frozen modules are being used, which may
0.00s - make the debugger miss breakpoints. Please pass -Xfrozen_modules=off
0.00s - to python to disable frozen modules.
0.00s - Note: Debugging will proceed. Set PYDEVD_DISABLE_FILE_VALIDATION=1 to disable this validation.
Error in <THistPainter::PaintInit>: Cannot set Y axis to log scale
Error in <THistPainter::PaintInit>: Cannot set Y axis to log scale
[I 2024-01-11 13:30:43.943 ServerApp] Saving file at /dams/dl2/AnalysisDL2-2-PLALL.ipynb
[I 2024-01-11 13:36:44.894 ServerApp] Saving file at /dams/dl2/AnalysisDL2-2-PLALL.ipynb
[I 2024-01-11 13:37:45.682 ServerApp] Kernel restarted: 57969780-4c5b-46db-a90b-d05714627a57
[I 2024-01-11 13:37:45.685 ServerApp] Starting buffering for 57969780-4c5b-46db-a90b-d05714627a57:14e1a5fa-fd95-4973-97d6-f85b263722e8
[I 2024-01-11 13:37:45.689 ServerApp] Connecting to kernel 57969780-4c5b-46db-a90b-d05714627a57.
[I 2024-01-11 13:37:45.689 ServerApp] Restoring connection for 57969780-4c5b-46db-a90b-d05714627a57:14e1a5fa-fd95-4973-97d6-f85b263722e8
0.00s - Debugger warning: It seems that frozen modules are being used, which may
0.00s - make the debugger miss breakpoints. Please pass -Xfrozen_modules=off
0.00s - to python to disable frozen modules.
0.00s - Note: Debugging will proceed. Set PYDEVD_DISABLE_FILE_VALIDATION=1 to disable this validation.
[I 2024-01-11 13:38:44.990 ServerApp] Saving file at /dams/dl2/AnalysisDL2-2-PLALL.ipynb
[I 2024-01-11 13:40:03.282 ServerApp] Kernel restarted: 57969780-4c5b-46db-a90b-d05714627a57
[I 2024-01-11 13:40:03.287 ServerApp] Starting buffering for 57969780-4c5b-46db-a90b-d05714627a57:14e1a5fa-fd95-4973-97d6-f85b263722e8
[I 2024-01-11 13:40:03.290 ServerApp] Connecting to kernel 57969780-4c5b-46db-a90b-d05714627a57.
[I 2024-01-11 13:40:03.290 ServerApp] Restoring connection for 57969780-4c5b-46db-a90b-d05714627a57:14e1a5fa-fd95-4973-97d6-f85b263722e8
0.00s - Debugger warning: It seems that frozen modules are being used, which may
0.00s - make the debugger miss breakpoints. Please pass -Xfrozen_modules=off
0.00s - to python to disable frozen modules.
0.00s - Note: Debugging will proceed. Set PYDEVD_DISABLE_FILE_VALIDATION=1 to disable this validation.
[W 2024-01-11 13:40:39.167 ServerApp] Notebook dams/dl2/AnalysisDL2-2-CIMO.ipynb is not trusted
[I 2024-01-11 13:40:39.480 ServerApp] Kernel started: 49ed737e-a24a-4be0-8ad6-d84af92093e2
0.00s - Debugger warning: It seems that frozen modules are being used, which may
0.00s - make the debugger miss breakpoints. Please pass -Xfrozen_modules=off
0.00s - to python to disable frozen modules.
0.00s - Note: Debugging will proceed. Set PYDEVD_DISABLE_FILE_VALIDATION=1 to disable this validation.
[I 2024-01-11 13:40:39.828 ServerApp] Connecting to kernel 49ed737e-a24a-4be0-8ad6-d84af92093e2.
[I 2024-01-11 13:40:45.033 ServerApp] Saving file at /dams/dl2/AnalysisDL2-2-PLALL.ipynb
[I 2024-01-11 13:41:28.271 ServerApp] Kernel restarted: 57969780-4c5b-46db-a90b-d05714627a57
[I 2024-01-11 13:41:28.273 ServerApp] Starting buffering for 57969780-4c5b-46db-a90b-d05714627a57:14e1a5fa-fd95-4973-97d6-f85b263722e8
[I 2024-01-11 13:41:28.276 ServerApp] Connecting to kernel 57969780-4c5b-46db-a90b-d05714627a57.
[I 2024-01-11 13:41:28.276 ServerApp] Restoring connection for 57969780-4c5b-46db-a90b-d05714627a57:14e1a5fa-fd95-4973-97d6-f85b263722e8
0.00s - Debugger warning: It seems that frozen modules are being used, which may
0.00s - make the debugger miss breakpoints. Please pass -Xfrozen_modules=off
0.00s - to python to disable frozen modules.
0.00s - Note: Debugging will proceed. Set PYDEVD_DISABLE_FILE_VALIDATION=1 to disable this validation.
Error in <THistPainter::PaintInit>: Cannot set Y axis to log scale
Error in <THistPainter::PaintInit>: Cannot set Y axis to log scale
[I 2024-01-11 13:42:39.941 ServerApp] Saving file at /dams/dl2/AnalysisDL2-2-CIMO.ipynb
[W 2024-01-11 13:42:39.942 ServerApp] Notebook dams/dl2/AnalysisDL2-2-CIMO.ipynb is not trusted
[I 2024-01-11 13:42:45.880 ServerApp] Saving file at /dams/dl2/AnalysisDL2-2-PLALL.ipynb
[I 2024-01-11 13:48:34.405 ServerApp] Starting buffering for 49ed737e-a24a-4be0-8ad6-d84af92093e2:a0c9c5f0-e62c-4080-bf87-d659808be07f
[I 2024-01-11 13:48:34.406 ServerApp] Starting buffering for 57969780-4c5b-46db-a90b-d05714627a57:14e1a5fa-fd95-4973-97d6-f85b263722e8
[I 2024-01-11 13:48:34.411 ServerApp] Connecting to kernel 57969780-4c5b-46db-a90b-d05714627a57.
[I 2024-01-11 13:48:34.411 ServerApp] Restoring connection for 57969780-4c5b-46db-a90b-d05714627a57:14e1a5fa-fd95-4973-97d6-f85b263722e8
[I 2024-01-11 13:48:34.425 ServerApp] Connecting to kernel 49ed737e-a24a-4be0-8ad6-d84af92093e2.
[I 2024-01-11 13:48:34.425 ServerApp] Restoring connection for 49ed737e-a24a-4be0-8ad6-d84af92093e2:a0c9c5f0-e62c-4080-bf87-d659808be07f
[W 2024-01-11 14:00:18.086 ServerApp] Notebook dams/dl2/CALIBRATION_4_AB.ipynb is not trusted
[I 2024-01-11 14:00:18.192 ServerApp] Kernel started: e748a0d9-f745-472d-b5d7-1c3f9ef89a4b
0.00s - Debugger warning: It seems that frozen modules are being used, which may
0.00s - make the debugger miss breakpoints. Please pass -Xfrozen_modules=off
0.00s - to python to disable frozen modules.
0.00s - Note: Debugging will proceed. Set PYDEVD_DISABLE_FILE_VALIDATION=1 to disable this validation.
[I 2024-01-11 14:00:18.483 ServerApp] Connecting to kernel e748a0d9-f745-472d-b5d7-1c3f9ef89a4b.
[I 2024-01-11 14:02:18.153 ServerApp] Saving file at /dams/dl2/CALIBRATION_4_AB.ipynb
[I 2024-01-11 14:04:18.201 ServerApp] Saving file at /dams/dl2/CALIBRATION_4_AB.ipynb
[I 2024-01-11 14:06:18.451 ServerApp] Saving file at /dams/dl2/CALIBRATION_4_AB.ipynb
[I 2024-01-11 14:08:18.494 ServerApp] Saving file at /dams/dl2/CALIBRATION_4_AB.ipynb
[I 2024-01-11 14:10:18.563 ServerApp] Saving file at /dams/dl2/CALIBRATION_4_AB.ipynb
mkdir: cannot create directory ‘RPG101/35mV’: No such file or directory
[I 2024-01-11 14:12:18.612 ServerApp] Saving file at /dams/dl2/CALIBRATION_4_AB.ipynb
[I 2024-01-11 14:14:18.708 ServerApp] Saving file at /dams/dl2/CALIBRATION_4_AB.ipynb
[I 2024-01-11 14:15:43.726 ServerApp] Kernel restarted: e748a0d9-f745-472d-b5d7-1c3f9ef89a4b
[I 2024-01-11 14:15:43.728 ServerApp] Starting buffering for e748a0d9-f745-472d-b5d7-1c3f9ef89a4b:7ea9cf73-5715-47a6-b661-76a29a6ffc01
[I 2024-01-11 14:15:43.731 ServerApp] Connecting to kernel e748a0d9-f745-472d-b5d7-1c3f9ef89a4b.
[I 2024-01-11 14:15:43.731 ServerApp] Restoring connection for e748a0d9-f745-472d-b5d7-1c3f9ef89a4b:7ea9cf73-5715-47a6-b661-76a29a6ffc01
0.00s - Debugger warning: It seems that frozen modules are being used, which may
0.00s - make the debugger miss breakpoints. Please pass -Xfrozen_modules=off
0.00s - to python to disable frozen modules.
0.00s - Note: Debugging will proceed. Set PYDEVD_DISABLE_FILE_VALIDATION=1 to disable this validation.
[I 2024-01-11 14:16:16.327 ServerApp] Starting buffering for 49ed737e-a24a-4be0-8ad6-d84af92093e2:a0c9c5f0-e62c-4080-bf87-d659808be07f
[I 2024-01-11 14:16:18.778 ServerApp] Saving file at /dams/dl2/CALIBRATION_4_AB.ipynb
[W 2024-01-11 14:16:48.139 ServerApp] delete /dams/dl2/RPG101
[I 2024-01-11 14:18:18.823 ServerApp] Saving file at /dams/dl2/CALIBRATION_4_AB.ipynb
[I 2024-01-11 14:19:27.471 ServerApp] Starting buffering for e748a0d9-f745-472d-b5d7-1c3f9ef89a4b:7ea9cf73-5715-47a6-b661-76a29a6ffc01
[I 2024-01-11 14:19:27.476 ServerApp] Starting buffering for 57969780-4c5b-46db-a90b-d05714627a57:14e1a5fa-fd95-4973-97d6-f85b263722e8
[I 2024-01-11 14:19:27.489 ServerApp] Connecting to kernel e748a0d9-f745-472d-b5d7-1c3f9ef89a4b.
[I 2024-01-11 14:19:27.490 ServerApp] Restoring connection for e748a0d9-f745-472d-b5d7-1c3f9ef89a4b:7ea9cf73-5715-47a6-b661-76a29a6ffc01
[I 2024-01-11 14:19:27.506 ServerApp] Connecting to kernel 57969780-4c5b-46db-a90b-d05714627a57.
[I 2024-01-11 14:19:27.507 ServerApp] Restoring connection for 57969780-4c5b-46db-a90b-d05714627a57:14e1a5fa-fd95-4973-97d6-f85b263722e8
[I 2024-01-11 14:20:36.355 ServerApp] Saving file at /dams/dl2/CALIBRATION_4_AB.ipynb
[I 2024-01-11 18:29:16.893 ServerApp] Saving file at /dams/dl2/CALIBRATION_4_AB.ipynb
[I 2024-01-11 18:31:16.931 ServerApp] Saving file at /dams/dl2/CALIBRATION_4_AB.ipynb
[I 2024-01-11 18:31:45.735 ServerApp] Starting buffering for 57969780-4c5b-46db-a90b-d05714627a57:14e1a5fa-fd95-4973-97d6-f85b263722e8
[I 2024-01-11 18:31:45.741 ServerApp] Starting buffering for e748a0d9-f745-472d-b5d7-1c3f9ef89a4b:7ea9cf73-5715-47a6-b661-76a29a6ffc01
[I 2024-01-11 18:31:45.807 ServerApp] Connecting to kernel 57969780-4c5b-46db-a90b-d05714627a57.
[I 2024-01-11 18:31:45.807 ServerApp] Restoring connection for 57969780-4c5b-46db-a90b-d05714627a57:14e1a5fa-fd95-4973-97d6-f85b263722e8
[I 2024-01-11 18:31:45.824 ServerApp] Connecting to kernel e748a0d9-f745-472d-b5d7-1c3f9ef89a4b.
[I 2024-01-11 18:31:45.824 ServerApp] Restoring connection for e748a0d9-f745-472d-b5d7-1c3f9ef89a4b:7ea9cf73-5715-47a6-b661-76a29a6ffc01
[I 2024-01-11 19:03:59.436 ServerApp] Saving file at /dams/dl2/CALIBRATION_4_AB.ipynb
[I 2024-01-11 19:05:59.510 ServerApp] Saving file at /dams/dl2/CALIBRATION_4_AB.ipynb
[I 2024-01-11 19:08:00.369 ServerApp] Saving file at /dams/dl2/CALIBRATION_4_AB.ipynb
[I 2024-01-11 19:10:00.427 ServerApp] Saving file at /dams/dl2/CALIBRATION_4_AB.ipynb
[I 2024-01-11 19:19:05.804 ServerApp] Kernel restarted: 57969780-4c5b-46db-a90b-d05714627a57
[I 2024-01-11 19:19:05.811 ServerApp] Starting buffering for 57969780-4c5b-46db-a90b-d05714627a57:14e1a5fa-fd95-4973-97d6-f85b263722e8
[I 2024-01-11 19:19:05.814 ServerApp] Connecting to kernel 57969780-4c5b-46db-a90b-d05714627a57.
[I 2024-01-11 19:19:05.814 ServerApp] Restoring connection for 57969780-4c5b-46db-a90b-d05714627a57:14e1a5fa-fd95-4973-97d6-f85b263722e8
0.00s - Debugger warning: It seems that frozen modules are being used, which may
0.00s - make the debugger miss breakpoints. Please pass -Xfrozen_modules=off
0.00s - to python to disable frozen modules.
0.00s - Note: Debugging will proceed. Set PYDEVD_DISABLE_FILE_VALIDATION=1 to disable this validation.
Error in <THistPainter::PaintInit>: Cannot set Y axis to log scale
[I 2024-01-11 19:20:36.347 ServerApp] Saving file at /dams/dl2/AnalysisDL2-2-PLALL.ipynb
[I 2024-01-11 19:22:36.388 ServerApp] Saving file at /dams/dl2/AnalysisDL2-2-PLALL.ipynb
[W 2024-01-11 19:23:10.651 ServerApp] 404 GET /static/scripts/JSRoot.core.js (54898d8f5caf40da987b424da56eae65@192.168.65.1) 23.44ms referer=http://localhost:8001/lab/tree/dams/dl2/AnalysisDL2-2-PLALL.ipynb
[I 2024-01-11 19:23:39.754 ServerApp] Kernel restarted: 57969780-4c5b-46db-a90b-d05714627a57
[I 2024-01-11 19:23:39.758 ServerApp] Starting buffering for 57969780-4c5b-46db-a90b-d05714627a57:14e1a5fa-fd95-4973-97d6-f85b263722e8
[I 2024-01-11 19:23:39.761 ServerApp] Connecting to kernel 57969780-4c5b-46db-a90b-d05714627a57.
[I 2024-01-11 19:23:39.761 ServerApp] Restoring connection for 57969780-4c5b-46db-a90b-d05714627a57:14e1a5fa-fd95-4973-97d6-f85b263722e8
0.00s - Debugger warning: It seems that frozen modules are being used, which may
0.00s - make the debugger miss breakpoints. Please pass -Xfrozen_modules=off
0.00s - to python to disable frozen modules.
0.00s - Note: Debugging will proceed. Set PYDEVD_DISABLE_FILE_VALIDATION=1 to disable this validation.
[W 2024-01-11 19:23:48.156 ServerApp] 404 GET /static/scripts/JSRoot.core.js (54898d8f5caf40da987b424da56eae65@192.168.65.1) 0.76ms referer=http://localhost:8001/lab/tree/dams/dl2/AnalysisDL2-2-PLALL.ipynb
[W 2024-01-11 19:23:48.415 ServerApp] 404 GET /static/scripts/JSRoot.core.js (54898d8f5caf40da987b424da56eae65@192.168.65.1) 0.98ms referer=http://localhost:8001/lab/tree/dams/dl2/AnalysisDL2-2-PLALL.ipynb
[W 2024-01-11 19:23:48.673 ServerApp] 404 GET /static/scripts/JSRoot.core.js (54898d8f5caf40da987b424da56eae65@192.168.65.1) 0.83ms referer=http://localhost:8001/lab/tree/dams/dl2/AnalysisDL2-2-PLALL.ipynb
[W 2024-01-11 19:23:48.929 ServerApp] 404 GET /static/scripts/JSRoot.core.js (54898d8f5caf40da987b424da56eae65@192.168.65.1) 0.97ms referer=http://localhost:8001/lab/tree/dams/dl2/AnalysisDL2-2-PLALL.ipynb
[W 2024-01-11 19:23:49.215 ServerApp] 404 GET /static/scripts/JSRoot.core.js (54898d8f5caf40da987b424da56eae65@192.168.65.1) 0.86ms referer=http://localhost:8001/lab/tree/dams/dl2/AnalysisDL2-2-PLALL.ipynb
[W 2024-01-11 19:23:50.325 ServerApp] 404 GET /static/scripts/JSRoot.core.js (54898d8f5caf40da987b424da56eae65@192.168.65.1) 0.82ms referer=http://localhost:8001/lab/tree/dams/dl2/AnalysisDL2-2-PLALL.ipynb
[I 2024-01-11 19:24:03.055 ServerApp] Kernel restarted: 57969780-4c5b-46db-a90b-d05714627a57
[I 2024-01-11 19:24:03.061 ServerApp] Starting buffering for 57969780-4c5b-46db-a90b-d05714627a57:14e1a5fa-fd95-4973-97d6-f85b263722e8
[I 2024-01-11 19:24:03.064 ServerApp] Connecting to kernel 57969780-4c5b-46db-a90b-d05714627a57.
[I 2024-01-11 19:24:03.064 ServerApp] Restoring connection for 57969780-4c5b-46db-a90b-d05714627a57:14e1a5fa-fd95-4973-97d6-f85b263722e8
0.00s - Debugger warning: It seems that frozen modules are being used, which may
0.00s - make the debugger miss breakpoints. Please pass -Xfrozen_modules=off
0.00s - to python to disable frozen modules.
0.00s - Note: Debugging will proceed. Set PYDEVD_DISABLE_FILE_VALIDATION=1 to disable this validation.
[I 2024-01-11 19:24:36.422 ServerApp] Saving file at /dams/dl2/AnalysisDL2-2-PLALL.ipynb
[W 2024-01-11 19:26:24.190 ServerApp] Notebook dams/dl2/AnalysisDL2-2-CIMO.ipynb is not trusted
[I 2024-01-11 19:26:24.573 ServerApp] Connecting to kernel 49ed737e-a24a-4be0-8ad6-d84af92093e2.
[I 2024-01-11 19:26:33.589 ServerApp] Kernel restarted: 57969780-4c5b-46db-a90b-d05714627a57
[I 2024-01-11 19:26:33.597 ServerApp] Starting buffering for 57969780-4c5b-46db-a90b-d05714627a57:14e1a5fa-fd95-4973-97d6-f85b263722e8
[I 2024-01-11 19:26:33.599 ServerApp] Connecting to kernel 57969780-4c5b-46db-a90b-d05714627a57.
[I 2024-01-11 19:26:33.599 ServerApp] Restoring connection for 57969780-4c5b-46db-a90b-d05714627a57:14e1a5fa-fd95-4973-97d6-f85b263722e8
0.00s - Debugger warning: It seems that frozen modules are being used, which may
0.00s - make the debugger miss breakpoints. Please pass -Xfrozen_modules=off
0.00s - to python to disable frozen modules.
0.00s - Note: Debugging will proceed. Set PYDEVD_DISABLE_FILE_VALIDATION=1 to disable this validation.
[I 2024-01-11 19:26:36.452 ServerApp] Saving file at /dams/dl2/AnalysisDL2-2-PLALL.ipynb
[W 2024-01-11 19:26:41.854 ServerApp] 404 GET /static/scripts/JSRoot.core.js (54898d8f5caf40da987b424da56eae65@192.168.65.1) 0.85ms referer=http://localhost:8001/lab/tree/dams/dl2/AnalysisDL2-2-PLALL.ipynb
[W 2024-01-11 19:26:42.105 ServerApp] 404 GET /static/scripts/JSRoot.core.js (54898d8f5caf40da987b424da56eae65@192.168.65.1) 0.81ms referer=http://localhost:8001/lab/tree/dams/dl2/AnalysisDL2-2-PLALL.ipynb
[W 2024-01-11 19:26:42.346 ServerApp] 404 GET /static/scripts/JSRoot.core.js (54898d8f5caf40da987b424da56eae65@192.168.65.1) 0.96ms referer=http://localhost:8001/lab/tree/dams/dl2/AnalysisDL2-2-PLALL.ipynb
[W 2024-01-11 19:26:42.592 ServerApp] 404 GET /static/scripts/JSRoot.core.js (54898d8f5caf40da987b424da56eae65@192.168.65.1) 1.08ms referer=http://localhost:8001/lab/tree/dams/dl2/AnalysisDL2-2-PLALL.ipynb
[W 2024-01-11 19:26:42.904 ServerApp] 404 GET /static/scripts/JSRoot.core.js (54898d8f5caf40da987b424da56eae65@192.168.65.1) 1.20ms referer=http://localhost:8001/lab/tree/dams/dl2/AnalysisDL2-2-PLALL.ipynb
[W 2024-01-11 19:26:43.829 ServerApp] 404 GET /static/scripts/JSRoot.core.js (54898d8f5caf40da987b424da56eae65@192.168.65.1) 0.75ms referer=http://localhost:8001/lab/tree/dams/dl2/AnalysisDL2-2-PLALL.ipynb
[I 2024-01-11 19:26:55.772 ServerApp] Starting buffering for 49ed737e-a24a-4be0-8ad6-d84af92093e2:d644cfad-83b3-4082-b81c-94acd8633be2
[I 2024-01-11 19:26:55.775 ServerApp] Starting buffering for 57969780-4c5b-46db-a90b-d05714627a57:14e1a5fa-fd95-4973-97d6-f85b263722e8
[I 2024-01-11 19:26:55.779 ServerApp] Starting buffering for e748a0d9-f745-472d-b5d7-1c3f9ef89a4b:7ea9cf73-5715-47a6-b661-76a29a6ffc01
[IPKernelApp] WARNING | Parent appears to have exited, shutting down.
[IPKernelApp] WARNING | Parent appears to have exited, shutting down.
[IPKernelApp] WARNING | Parent appears to have exited, shutting down.
